C:\PROJECTS\GITHUB\WALDO_FCS\CANONCAMERA\RELEASE\CANONCAMERA.PCH
C:\PROJECTS\GITHUB\WALDO_FCS\CANONCAMERA\RELEASE\STDAFX.OBJ
C:\PROJECTS\GITHUB\WALDO_FCS\CANONCAMERA\RELEASE\VC110.PDB
C:\PROJECTS\GITHUB\WALDO_FCS\CANONCAMERA\RELEASE\CANONCAMERAEDSDK.OBJ
C:\PROJECTS\GITHUB\WALDO_FCS\CANONCAMERA\RELEASE\ASSEMBLYINFO.OBJ
C:\PROJECTS\GITHUB\WALDO_FCS\CANONCAMERA\RELEASE\.NETFRAMEWORK,VERSION=V4.5.ASSEMBLYATTRIBUTES.OBJ
C:\PROJECTS\GITHUB\WALDO_FCS\RELEASE\CANONCAMERA.DLL
C:\PROJECTS\GITHUB\WALDO_FCS\RELEASE\CANONCAMERA.PDB
C:\PROJECTS\GITHUB\WALDO_FCS\CANONCAMERA\RELEASE\APP.RES
C:\Projects\Github\Waldo_FCS\CanonCamera\Release\.NETFramework,Version=v4.5.AssemblyAttributes.obj
C:\Projects\Github\Waldo_FCS\CanonCamera\Release\AssemblyInfo.obj
C:\Projects\Github\Waldo_FCS\CanonCamera\Release\CanonCameraEDSDK.obj
C:\Projects\Github\Waldo_FCS\CanonCamera\Release\Stdafx.obj
C:\Projects\Github\Waldo_FCS\CanonCamera\Release\cl.command.1.tlog
C:\Projects\Github\Waldo_FCS\CanonCamera\Release\CL.read.1.tlog
C:\Projects\Github\Waldo_FCS\CanonCamera\Release\CL.write.1.tlog
C:\Projects\Github\Waldo_FCS\CanonCamera\Release\link-cvtres.read.1.tlog
C:\Projects\Github\Waldo_FCS\CanonCamera\Release\link-cvtres.write.1.tlog
C:\Projects\Github\Waldo_FCS\CanonCamera\Release\link-rc.read.1.tlog
C:\Projects\Github\Waldo_FCS\CanonCamera\Release\link-rc.write.1.tlog
C:\Projects\Github\Waldo_FCS\CanonCamera\Release\link.command.1.tlog
C:\Projects\Github\Waldo_FCS\CanonCamera\Release\link.read.1.tlog
C:\Projects\Github\Waldo_FCS\CanonCamera\Release\link.write.1.tlog
C:\Projects\Github\Waldo_FCS\CanonCamera\Release\metagen.read.1.tlog
C:\Projects\Github\Waldo_FCS\CanonCamera\Release\metagen.write.1.tlog
C:\Projects\Github\Waldo_FCS\CanonCamera\Release\rc.command.1.tlog
C:\Projects\Github\Waldo_FCS\CanonCamera\Release\rc.read.1.tlog
C:\Projects\Github\Waldo_FCS\CanonCamera\Release\rc.write.1.tlog
C:\Projects\Github\Waldo_FCS\CanonCamera\Release\app.res
C:\Projects\Github\Waldo_FCS\CanonCamera\Release\CanonCamera.pch
C:\Projects\Github\Waldo_FCS\CanonCamera\Release\vc110.pdb
C:\Projects\Github\Waldo_FCS\CanonCamera\Release\RSAENH.DLL.bi
C:\Projects\Github\Waldo_FCS\CanonCamera\Release\TZRES.DLL.bi
C:\Projects\Github\Waldo_FCS\Release\CanonCamera.pdb
C:\Projects\Github\Waldo_FCS\Release\CanonCamera.dll
