C:\PROJECTS\GITHUB\WALDO_FCS\CANONCAMERA\DEBUG\CANONCAMERA.PCH
C:\PROJECTS\GITHUB\WALDO_FCS\CANONCAMERA\DEBUG\STDAFX.OBJ
C:\PROJECTS\GITHUB\WALDO_FCS\CANONCAMERA\DEBUG\VC110.PDB
C:\PROJECTS\GITHUB\WALDO_FCS\CANONCAMERA\DEBUG\CANONCAMERAEDSDK.OBJ
C:\PROJECTS\GITHUB\WALDO_FCS\CANONCAMERA\DEBUG\ASSEMBLYINFO.OBJ
C:\PROJECTS\GITHUB\WALDO_FCS\CANONCAMERA\DEBUG\.NETFRAMEWORK,VERSION=V4.5.ASSEMBLYATTRIBUTES.OBJ
C:\PROJECTS\GITHUB\WALDO_FCS\DEBUG\CANONCAMERA.ILK
C:\PROJECTS\GITHUB\WALDO_FCS\DEBUG\CANONCAMERA.DLL
C:\PROJECTS\GITHUB\WALDO_FCS\DEBUG\CANONCAMERA.PDB
C:\PROJECTS\GITHUB\WALDO_FCS\CANONCAMERA\DEBUG\APP.RES
C:\Projects\Github\Waldo_FCS\CanonCamera\Debug\CanonCamera.vcxprojResolveAssemblyReference.cache
C:\Projects\Github\Waldo_FCS\CanonCamera\Debug\.NETFramework,Version=v4.5.AssemblyAttributes.obj
C:\Projects\Github\Waldo_FCS\CanonCamera\Debug\AssemblyInfo.obj
C:\Projects\Github\Waldo_FCS\CanonCamera\Debug\CanonCameraEDSDK.obj
C:\Projects\Github\Waldo_FCS\CanonCamera\Debug\Stdafx.obj
C:\Projects\Github\Waldo_FCS\CanonCamera\Debug\cl.command.1.tlog
C:\Projects\Github\Waldo_FCS\CanonCamera\Debug\CL.read.1.tlog
C:\Projects\Github\Waldo_FCS\CanonCamera\Debug\CL.write.1.tlog
C:\Projects\Github\Waldo_FCS\CanonCamera\Debug\link.5028-cvtres.read.1.tlog
C:\Projects\Github\Waldo_FCS\CanonCamera\Debug\link.5028-cvtres.write.1.tlog
C:\Projects\Github\Waldo_FCS\CanonCamera\Debug\link.5028-rc.read.1.tlog
C:\Projects\Github\Waldo_FCS\CanonCamera\Debug\link.5028-rc.write.1.tlog
C:\Projects\Github\Waldo_FCS\CanonCamera\Debug\link.5028.read.1.tlog
C:\Projects\Github\Waldo_FCS\CanonCamera\Debug\link.5028.write.1.tlog
C:\Projects\Github\Waldo_FCS\CanonCamera\Debug\link.command.1.tlog
C:\Projects\Github\Waldo_FCS\CanonCamera\Debug\link.read.1.tlog
C:\Projects\Github\Waldo_FCS\CanonCamera\Debug\link.write.1.tlog
C:\Projects\Github\Waldo_FCS\CanonCamera\Debug\metagen.read.1.tlog
C:\Projects\Github\Waldo_FCS\CanonCamera\Debug\metagen.write.1.tlog
C:\Projects\Github\Waldo_FCS\CanonCamera\Debug\rc.command.1.tlog
C:\Projects\Github\Waldo_FCS\CanonCamera\Debug\rc.read.1.tlog
C:\Projects\Github\Waldo_FCS\CanonCamera\Debug\rc.write.1.tlog
C:\Projects\Github\Waldo_FCS\CanonCamera\Debug\app.res
C:\Projects\Github\Waldo_FCS\CanonCamera\Debug\CanonCamera.pch
C:\Projects\Github\Waldo_FCS\CanonCamera\Debug\vc110.pdb
C:\Projects\Github\Waldo_FCS\CanonCamera\Debug\RSAENH.DLL.bi
C:\Projects\Github\Waldo_FCS\CanonCamera\Debug\TZRES.DLL.bi
C:\Projects\Github\Waldo_FCS\Debug\CanonCamera.pdb
C:\Projects\Github\Waldo_FCS\Debug\CanonCamera.dll
C:\Projects\Github\Waldo_FCS\Debug\CanonCamera.ilk
